<?xml version="1.0" encoding="UTF-8"?>
<testng-results skipped="0" failed="0" ignored="0" total="2" passed="2">
  <reporter-output>
  </reporter-output>
  <suite name="All Test Suite" duration-ms="13805" started-at="2021-06-19T18:26:12 IST" finished-at="2021-06-19T18:26:26 IST">
    <groups>
      <group name="functional">
        <method signature="WaiTest.test2()[pri:1, instance:prac.WaiTest@73846619]" name="test2" class="prac.WaiTest"/>
      </group> <!-- functional -->
      <group name="regression">
        <method signature="WaiTest.test1()[pri:2, instance:prac.WaiTest@73846619]" name="test1" class="prac.WaiTest"/>
      </group> <!-- regression -->
    </groups>
    <test name="Test1" duration-ms="13805" started-at="2021-06-19T18:26:12 IST" finished-at="2021-06-19T18:26:26 IST">
      <class name="prac.WaiTest">
        <test-method status="PASS" signature="setup()[pri:0, instance:prac.WaiTest@73846619]" name="setup" is-config="true" duration-ms="7222" started-at="2021-06-19T18:26:12 IST" finished-at="2021-06-19T18:26:19 IST">
          <reporter-output>
          </reporter-output>
        </test-method> <!-- setup -->
        <test-method status="PASS" signature="test2()[pri:1, instance:prac.WaiTest@73846619]" name="test2" duration-ms="1668" started-at="2021-06-19T18:26:19 IST" finished-at="2021-06-19T18:26:21 IST">
          <reporter-output>
          </reporter-output>
        </test-method> <!-- test2 -->
        <test-method status="PASS" signature="test1()[pri:2, instance:prac.WaiTest@73846619]" name="test1" duration-ms="3271" started-at="2021-06-19T18:26:21 IST" finished-at="2021-06-19T18:26:24 IST">
          <reporter-output>
          </reporter-output>
        </test-method> <!-- test1 -->
        <test-method status="PASS" signature="tearDown()[pri:0, instance:prac.WaiTest@73846619]" name="tearDown" is-config="true" duration-ms="1606" started-at="2021-06-19T18:26:24 IST" finished-at="2021-06-19T18:26:26 IST">
          <reporter-output>
          </reporter-output>
        </test-method> <!-- tearDown -->
      </class> <!-- prac.WaiTest -->
    </test> <!-- Test1 -->
  </suite> <!-- All Test Suite -->
</testng-results>
